<?xml version="1.0" encoding="UTF-8"?>
<!-- Generated by org.testng.reporters.JUnitReportReporter -->
<testsuite hostname="DESKTOP-CD955F8" name="org.testing.TestScripts.TC5_Leads" tests="1" failures="0" timestamp="26 Mar 2022 00:35:47 GMT" time="5.704" errors="0">
  <testcase name="counsellorModule" time="5.704" classname="org.testing.TestScripts.TC5_Leads"/>
</testsuite> <!-- org.testing.TestScripts.TC5_Leads -->
