<?xml version="1.0" encoding="UTF-8"?>
<!-- Generated by org.testng.reporters.JUnitReportReporter -->
<testsuite hostname="DESKTOP-CD955F8" name="org.testing.TestScripts.TC1_Users" tests="1" failures="0" timestamp="27 Mar 2022 06:04:09 GMT" time="3.444" errors="0">
  <testcase name="usersModule" time="3.444" classname="org.testing.TestScripts.TC1_Users"/>
</testsuite> <!-- org.testing.TestScripts.TC1_Users -->
