<?xml version="1.0" encoding="UTF-8"?>
<!-- Generated by org.testng.reporters.JUnitReportReporter -->
<testsuite hostname="DESKTOP-CD955F8" name="org.testing.TestScripts.TC2_UserPermissions" tests="1" failures="0" timestamp="25 Mar 2022 23:43:26 GMT" time="4.710" errors="0">
  <testcase name="usersPermissions" time="4.710" classname="org.testing.TestScripts.TC2_UserPermissions"/>
</testsuite> <!-- org.testing.TestScripts.TC2_UserPermissions -->
