<?xml version="1.0" encoding="UTF-8"?>
<!-- Generated by org.testng.reporters.JUnitReportReporter -->
<testsuite hostname="DESKTOP-CD955F8" failures="0" tests="2" name="org.testing.TestScripts.TC1_UserModule" time="10.232" errors="0" timestamp="15 Feb 2022 03:58:54 GMT">
  <testcase classname="org.testing.TestScripts.TC1_UserModule" name="userActivities" time="4.079"/>
  <testcase classname="org.testing.TestScripts.TC1_UserModule" name="fieldForce" time="6.153"/>
</testsuite> <!-- org.testing.TestScripts.TC1_UserModule -->
