<?xml version="1.0" encoding="UTF-8"?>
<!-- Generated by org.testng.reporters.JUnitReportReporter -->
<testsuite hostname="DESKTOP-CD955F8" name="org.testing.TestScripts.TC6_Forms" tests="1" failures="0" timestamp="25 Mar 2022 23:48:02 GMT" time="2.838" errors="0">
  <testcase name="counsellorModule" time="2.838" classname="org.testing.TestScripts.TC6_Forms"/>
</testsuite> <!-- org.testing.TestScripts.TC6_Forms -->
